<?xml version="1.0" encoding="UTF-8"?>
<testng-results ignored="0" total="1" passed="1" failed="0" skipped="0">
  <reporter-output>
  </reporter-output>
  <suite started-at="2022-10-14T23:41:00 IST" name="Suite" finished-at="2022-10-14T23:41:39 IST" duration-ms="39065">
    <groups>
    </groups>
    <test started-at="2022-10-14T23:41:00 IST" name="Test" finished-at="2022-10-14T23:41:39 IST" duration-ms="39065">
      <class name="com.BankingProject.TestClass.Login_test">
        <test-method is-config="true" signature="setReport()[pri:0, instance:com.BankingProject.TestClass.Login_test@139982de]" started-at="2022-10-14T23:41:00 IST" name="setReport" finished-at="2022-10-14T23:41:00 IST" duration-ms="520" status="PASS">
          <reporter-output>
          </reporter-output>
        </test-method> <!-- setReport -->
        <test-method is-config="true" signature="initialization(java.lang.String)[pri:0, instance:com.BankingProject.TestClass.Login_test@139982de]" started-at="2022-10-14T23:41:00 IST" name="initialization" finished-at="2022-10-14T23:41:29 IST" duration-ms="29143" status="PASS">
          <params>
            <param index="0">
              <value>
                <![CDATA[chrome]]>
              </value>
            </param>
          </params>
          <reporter-output>
          </reporter-output>
        </test-method> <!-- initialization -->
        <test-method signature="LoginTest()[pri:0, instance:com.BankingProject.TestClass.Login_test@139982de]" started-at="2022-10-14T23:41:29 IST" name="LoginTest" finished-at="2022-10-14T23:41:39 IST" duration-ms="9225" status="PASS">
          <reporter-output>
          </reporter-output>
        </test-method> <!-- LoginTest -->
        <test-method is-config="true" signature="closeBrowser()[pri:0, instance:com.BankingProject.TestClass.Login_test@139982de]" started-at="2022-10-14T23:41:39 IST" name="closeBrowser" finished-at="2022-10-14T23:41:39 IST" duration-ms="604" status="PASS">
          <reporter-output>
          </reporter-output>
        </test-method> <!-- closeBrowser -->
        <test-method is-config="true" signature="endReport()[pri:0, instance:com.BankingProject.TestClass.Login_test@139982de]" started-at="2022-10-14T23:41:39 IST" name="endReport" finished-at="2022-10-14T23:41:40 IST" duration-ms="611" status="PASS">
          <reporter-output>
          </reporter-output>
        </test-method> <!-- endReport -->
      </class> <!-- com.BankingProject.TestClass.Login_test -->
    </test> <!-- Test -->
  </suite> <!-- Suite -->
</testng-results>
